#
# There is insufficient memory for the Java Runtime Environment to continue.
# Native memory allocation (mmap) failed to map 536870912 bytes for G1 virtual space
# Possible reasons:
#   The system is out of physical RAM or swap space
#   The process is running with CompressedOops enabled, and the Java Heap may be blocking the growth of the native heap
# Possible solutions:
#   Reduce memory load on the system
#   Increase physical memory or swap space
#   Check if swap backing store is full
#   Decrease Java heap size (-Xmx/-Xms)
#   Decrease number of Java threads
#   Decrease Java thread stack sizes (-Xss)
#   Set larger code cache with -XX:ReservedCodeCacheSize=
#   JVM is running with Zero Based Compressed Oops mode in which the Java heap is
#     placed in the first 32GB address space. The Java Heap base address is the
#     maximum limit for the native heap growth. Please use -XX:HeapBaseMinAddress
#     to set the Java Heap base and to place the Java Heap above 32GB virtual address.
# This output file may be truncated or incomplete.
#
#  Out of Memory Error (os_windows.cpp:3825), pid=28068, tid=21564
#
# JRE version:  (17.0.10) (build )
# Java VM: OpenJDK 64-Bit Server VM (17.0.10+0--11609105, mixed mode, sharing, tiered, compressed oops, compressed class ptrs, g1 gc, windows-amd64)
# No core dump will be written. Minidumps are not enabled by default on client versions of Windows
#

---------------  S U M M A R Y ------------

Command Line: org.jetbrains.kotlin.cli.jvm.K2JVMCompiler @D:\thesis2\thesis\app\build\20241001_12281427689140280587.compiler.options

Host: AMD Ryzen 7 5800X 8-Core Processor             , 16 cores, 31G,  Windows 11 , 64 bit Build 22621 (10.0.22621.3958)
Time: Tue Oct  1 13:49:03 2024  Windows 11 , 64 bit Build 22621 (10.0.22621.3958) elapsed time: 0.010933 seconds (0d 0h 0m 0s)

---------------  T H R E A D  ---------------

Current thread (0x000001e74baaa000):  JavaThread "Unknown thread" [_thread_in_vm, id=21564, stack(0x0000003d5d600000,0x0000003d5d700000)]

Stack: [0x0000003d5d600000,0x0000003d5d700000]
Native frames: (J=compiled Java code, j=interpreted, Vv=VM code, C=native code)
V  [jvm.dll+0x688de9]
V  [jvm.dll+0x8423da]
V  [jvm.dll+0x84401e]
V  [jvm.dll+0x844683]
V  [jvm.dll+0x24be0f]
V  [jvm.dll+0x685bb9]
V  [jvm.dll+0x67a46a]
V  [jvm.dll+0x30cbab]
V  [jvm.dll+0x314056]
V  [jvm.dll+0x363dce]
V  [jvm.dll+0x363fff]
V  [jvm.dll+0x2e2978]
V  [jvm.dll+0x2e38e4]
V  [jvm.dll+0x812f71]
V  [jvm.dll+0x371c81]
V  [jvm.dll+0x7f1ac6]
V  [jvm.dll+0x3f58df]
V  [jvm.dll+0x3f7511]
C  [jli.dll+0x528f]
C  [ucrtbase.dll+0x29333]
C  [KERNEL32.DLL+0x1257d]
C  [ntdll.dll+0x5af28]


---------------  P R O C E S S  ---------------

Threads class SMR info:
_java_thread_list=0x00007fffd6f8ef58, length=0, elements={
}

Java Threads: ( => current thread )

Other Threads:
  0x000001e74bb59560 GCTaskThread "GC Thread#0" [stack: 0x0000003d5d700000,0x0000003d5d800000] [id=33680]
  0x000001e77374c230 ConcurrentGCThread "G1 Main Marker" [stack: 0x0000003d5d800000,0x0000003d5d900000] [id=32376]
  0x000001e77374cc50 ConcurrentGCThread "G1 Conc#0" [stack: 0x0000003d5d900000,0x0000003d5da00000] [id=30032]

[error occurred during error reporting (printing all threads), id 0xc0000005, EXCEPTION_ACCESS_VIOLATION (0xc0000005) at pc=0x00007fffd6743547]

VM state: not at safepoint (not fully initialized)

VM Mutex/Monitor currently owned by a thread:  ([mutex/lock_event])
[0x000001e74baa5470] Heap_lock - owner thread: 0x000001e74baaa000

Heap address: 0x0000000601c00000, size: 8164 MB, Compressed Oops mode: Zero based, Oop shift amount: 3

CDS archive(s) mapped at: [0x0000000000000000-0x0000000000000000-0x0000000000000000), size 0, SharedBaseAddress: 0x0000000800000000, ArchiveRelocationMode: 1.
Narrow klass base: 0x0000000000000000, Narrow klass shift: 0, Narrow klass range: 0x0

GC Precious Log:
<Empty>

Heap:
 garbage-first heap   total 0K, used 0K [0x0000000601c00000, 0x0000000800000000)
  region size 4096K, 0 young (0K), 0 survivors (0K)
 Metaspace       used 0K, committed 0K, reserved 0K
  class space    used 0K, committed 0K, reserved 0K

Heap Regions: E=young(eden), S=young(survivor), O=old, HS=humongous(starts), HC=humongous(continues), CS=collection set, F=free, OA=open archive, CA=closed archive, TAMS=top-at-mark-start (previous, next)

Card table byte_map: [0x000001e761750000,0x000001e762750000] _byte_map_base: 0x000001e75e742000

Marking Bits (Prev, Next): (CMBitMap*) 0x000001e74bb59b80, (CMBitMap*) 0x000001e74bb59bc0
 Prev Bits: [0x000001e763750000, 0x000001e76b6e0000)
 Next Bits: [0x000001e76b6e0000, 0x000001e773670000)

GC Heap History (0 events):
No events

Dll operation events (1 events):
Event: 0.007 Loaded shared library C:\Program Files\Android\Android Studio\jbr\bin\java.dll

Deoptimization events (0 events):
No events

Classes unloaded (0 events):
No events

Classes redefined (0 events):
No events

Internal exceptions (0 events):
No events

VM Operations (0 events):
No events

Events (0 events):
No events


Dynamic libraries:
0x00007ff755590000 - 0x00007ff75559a000 	C:\Program Files\Android\Android Studio\jbr\bin\java.exe
0x00007ff816e90000 - 0x00007ff8170a7000 	C:\WINDOWS\SYSTEM32\ntdll.dll
0x00007ff815a70000 - 0x00007ff815b34000 	C:\WINDOWS\System32\KERNEL32.DLL
0x00007ff814440000 - 0x00007ff8147ed000 	C:\WINDOWS\System32\KERNELBASE.dll
0x00007ff814aa0000 - 0x00007ff814bb1000 	C:\WINDOWS\System32\ucrtbase.dll
0x00007ff802190000 - 0x00007ff8021ab000 	C:\Program Files\Android\Android Studio\jbr\bin\VCRUNTIME140.dll
0x00007ffff2c00000 - 0x00007ffff2c17000 	C:\Program Files\Android\Android Studio\jbr\bin\jli.dll
0x00007ff815730000 - 0x00007ff8158de000 	C:\WINDOWS\System32\USER32.dll
0x00007ff8147f0000 - 0x00007ff814816000 	C:\WINDOWS\System32\win32u.dll
0x00007ff803200000 - 0x00007ff803493000 	C:\WINDOWS\WinSxS\amd64_microsoft.windows.common-controls_6595b64144ccf1df_6.0.22621.3672_none_2713b9d173822955\COMCTL32.dll
0x00007ff8156c0000 - 0x00007ff8156e9000 	C:\WINDOWS\System32\GDI32.dll
0x00007ff8159c0000 - 0x00007ff815a67000 	C:\WINDOWS\System32\msvcrt.dll
0x00007ff814820000 - 0x00007ff814939000 	C:\WINDOWS\System32\gdi32full.dll
0x00007ff8141b0000 - 0x00007ff81424a000 	C:\WINDOWS\System32\msvcp_win.dll
0x00007ff8156f0000 - 0x00007ff815721000 	C:\WINDOWS\System32\IMM32.DLL
0x00007ff80eb00000 - 0x00007ff80eb0c000 	C:\Program Files\Android\Android Studio\jbr\bin\vcruntime140_1.dll
0x00007fffedea0000 - 0x00007fffedf2d000 	C:\Program Files\Android\Android Studio\jbr\bin\msvcp140.dll
0x00007fffd6450000 - 0x00007fffd70d3000 	C:\Program Files\Android\Android Studio\jbr\bin\server\jvm.dll
0x00007ff815c40000 - 0x00007ff815cf2000 	C:\WINDOWS\System32\ADVAPI32.dll
0x00007ff8160b0000 - 0x00007ff816159000 	C:\WINDOWS\System32\sechost.dll
0x00007ff814940000 - 0x00007ff814968000 	C:\WINDOWS\System32\bcrypt.dll
0x00007ff814f60000 - 0x00007ff815074000 	C:\WINDOWS\System32\RPCRT4.dll
0x00007ff813060000 - 0x00007ff8130ad000 	C:\WINDOWS\SYSTEM32\POWRPROF.dll
0x00007ff810da0000 - 0x00007ff810da9000 	C:\WINDOWS\SYSTEM32\WSOCK32.dll
0x00007ff814ed0000 - 0x00007ff814f41000 	C:\WINDOWS\System32\WS2_32.dll
0x00007ff80c1b0000 - 0x00007ff80c1ba000 	C:\WINDOWS\SYSTEM32\VERSION.dll
0x00007ff80e1b0000 - 0x00007ff80e1e4000 	C:\WINDOWS\SYSTEM32\WINMM.dll
0x00007ff813040000 - 0x00007ff813053000 	C:\WINDOWS\SYSTEM32\UMPDC.dll
0x00007ff8132f0000 - 0x00007ff813308000 	C:\WINDOWS\SYSTEM32\kernel.appcore.dll
0x00007ffff8680000 - 0x00007ffff868a000 	C:\Program Files\Android\Android Studio\jbr\bin\jimage.dll
0x00007ff805a60000 - 0x00007ff805c92000 	C:\WINDOWS\SYSTEM32\DBGHELP.DLL
0x00007ff815330000 - 0x00007ff8156be000 	C:\WINDOWS\System32\combase.dll
0x00007ff815240000 - 0x00007ff815317000 	C:\WINDOWS\System32\OLEAUT32.dll
0x00007ffffb210000 - 0x00007ffffb242000 	C:\WINDOWS\SYSTEM32\dbgcore.DLL
0x00007ff814250000 - 0x00007ff8142cb000 	C:\WINDOWS\System32\bcryptPrimitives.dll
0x00007ffff8650000 - 0x00007ffff8675000 	C:\Program Files\Android\Android Studio\jbr\bin\java.dll

dbghelp: loaded successfully - version: 4.0.5 - missing functions: none
symbol engine: initialized successfully - sym options: 0x614 - pdb path: .;C:\Program Files\Android\Android Studio\jbr\bin;C:\WINDOWS\SYSTEM32;C:\WINDOWS\WinSxS\amd64_microsoft.windows.common-controls_6595b64144ccf1df_6.0.22621.3672_none_2713b9d173822955;C:\Program Files\Android\Android Studio\jbr\bin\server

VM Arguments:
java_command: org.jetbrains.kotlin.cli.jvm.K2JVMCompiler @D:\thesis2\thesis\app\build\20241001_12281427689140280587.compiler.options
java_class_path (initial): C:\Users\OOPSLA\.gradle\caches\modules-2\files-2.1\org.jetbrains.kotlin\kotlin-compiler-embeddable\1.9.0\2c8c3a7402becca891f12739b3e9fd2dc2adbd7a\kotlin-compiler-embeddable-1.9.0.jar;C:\Users\OOPSLA\.gradle\caches\modules-2\files-2.1\org.jetbrains.kotlin\kotlin-stdlib\1.9.0\8ee15ef0c67dc83d874f412d84378d7f0eb50b63\kotlin-stdlib-1.9.0.jar;C:\Users\OOPSLA\.gradle\caches\modules-2\files-2.1\org.jetbrains.kotlin\kotlin-script-runtime\1.9.0\4b3102cbbb7e1b58d9d1adf89563f00069ffa7d1\kotlin-script-runtime-1.9.0.jar;C:\Users\OOPSLA\.gradle\caches\modules-2\files-2.1\org.jetbrains.kotlin\kotlin-reflect\1.6.10\1cbe9c92c12a94eea200d23c2bbaedaf3daf5132\kotlin-reflect-1.6.10.jar;C:\Users\OOPSLA\.gradle\caches\modules-2\files-2.1\org.jetbrains.kotlin\kotlin-daemon-embeddable\1.9.0\186543f5e28cf8d9a0290fecc2cf34301c40a65c\kotlin-daemon-embeddable-1.9.0.jar;C:\Users\OOPSLA\.gradle\caches\modules-2\files-2.1\org.jetbrains.intellij.deps\trove4j\1.0.20200330\3afb14d5f9ceb459d724e907a21145e8ff394f02\trove4j-1.0.20200330.jar;C:\Users\OOPSLA\.gradle\caches\modules-2\files-2.1\org.jetbrains.kotlin\kotlin-stdlib-common\1.9.0\cd65c21cfd1eec4d44ef09f9f52b6d9f8a720636\kotlin-stdlib-common-1.9.0.jar;C:\Users\OOPSLA\.gradle\caches\modules-2\files-2.1\org.jetbrains\annotations\13.0\919f0dfe192fb4e063e7dacadee7f8bb9a2672a9\annotations-13.0.jar
Launcher Type: SUN_STANDARD

[Global flags]
     intx CICompilerCount                          = 12                                        {product} {ergonomic}
     uint ConcGCThreads                            = 3                                         {product} {ergonomic}
     uint G1ConcRefinementThreads                  = 13                                        {product} {ergonomic}
   size_t G1HeapRegionSize                         = 4194304                                   {product} {ergonomic}
    uintx GCDrainStackTargetSize                   = 64                                        {product} {ergonomic}
   size_t InitialHeapSize                          = 536870912                                 {product} {ergonomic}
   size_t MarkStackSize                            = 4194304                                   {product} {ergonomic}
   size_t MaxHeapSize                              = 8560574464                                {product} {ergonomic}
   size_t MinHeapDeltaBytes                        = 4194304                                   {product} {ergonomic}
   size_t MinHeapSize                              = 8388608                                   {product} {ergonomic}
    uintx NonNMethodCodeHeapSize                   = 7602480                                {pd product} {ergonomic}
    uintx NonProfiledCodeHeapSize                  = 122027880                              {pd product} {ergonomic}
    uintx ProfiledCodeHeapSize                     = 122027880                              {pd product} {ergonomic}
    uintx ReservedCodeCacheSize                    = 251658240                              {pd product} {ergonomic}
     bool SegmentedCodeCache                       = true                                      {product} {ergonomic}
   size_t SoftMaxHeapSize                          = 8560574464                             {manageable} {ergonomic}
     bool UseCompressedClassPointers               = true                           {product lp64_product} {ergonomic}
     bool UseCompressedOops                        = true                           {product lp64_product} {ergonomic}
     bool UseG1GC                                  = true                                      {product} {ergonomic}
     bool UseLargePagesIndividualAllocation        = false                                  {pd product} {ergonomic}

Logging:
Log output configuration:
 #0: stdout all=warning uptime,level,tags
 #1: stderr all=off uptime,level,tags

Environment Variables:
JAVA_HOME=C:\Program Files\Java\jdk-17
CLASSPATH=C:\Program Files\Java\jdk-17\lib
PATH=C:\Program Files\Java\jdk-17\bin;C:\Program Files\Common Files\Oracle\Java\javapath;C:\WINDOWS\system32;C:\WINDOWS;C:\WINDOWS\System32\Wbem;C:\WINDOWS\System32\WindowsPowerShell\v1.0\;C:\WINDOWS\System32\OpenSSH\;C:\Program Files\Git\cmd;C:\Program Files\Bandizip\;C:\Program Files (x86)\PuTTY\;C:\Users\OOPSLA\AppData\Local\Programs\Python\Python39\Scripts\;C:\Users\OOPSLA\AppData\Local\Programs\Python\Python39\;C:\Users\OOPSLA\AppData\Local\Programs\Python\Python37-32\Scripts\;C:\Users\OOPSLA\AppData\Local\Programs\Python\Python37-32\;C:\Users\OOPSLA\AppData\Local\Microsoft\WindowsApps;;C:\Program Files\JetBrains\IntelliJ IDEA Community Edition 2024.1.4\bin;;C:\Program Files\JetBrains\PyCharm Community Edition 2024.2\bin;
USERNAME=OOPSLA
OS=Windows_NT
PROCESSOR_IDENTIFIER=AMD64 Family 25 Model 33 Stepping 0, AuthenticAMD
TMP=C:\Users\OOPSLA\AppData\Local\Temp
TEMP=C:\Users\OOPSLA\AppData\Local\Temp



Periodic native trim disabled

JNI global refs:
JNI global refs: 0, weak refs: 0

JNI global refs memory usage: 0, weak refs: 0

OOME stack traces (most recent first):
Classloader memory used:


---------------  S Y S T E M  ---------------

OS:
 Windows 11 , 64 bit Build 22621 (10.0.22621.3958)
OS uptime: 7 days 19:29 hours

CPU: total 16 (initial active 16) (16 cores per cpu, 2 threads per core) family 25 model 33 stepping 0 microcode 0x0, cx8, cmov, fxsr, ht, mmx, 3dnowpref, sse, sse2, sse3, ssse3, sse4a, sse4.1, sse4.2, popcnt, lzcnt, tsc, tscinvbit, avx, avx2, aes, erms, clmul, bmi1, bmi2, adx, sha, fma, vzeroupper, clflush, clflushopt
Processor Information for all 16 processors :
  Max Mhz: 4200, Current Mhz: 4200, Mhz Limit: 4200

Memory: 4k page, system-wide physical 32649M (1011M free)
TotalPageFile size 130953M (AvailPageFile size 351M)
current process WorkingSet (physical memory assigned to process): 12M, peak: 12M
current process commit charge ("private bytes"): 71M, peak: 583M

vm_info: OpenJDK 64-Bit Server VM (17.0.10+0--11609105) for windows-amd64 JRE (17.0.10+0--11609105), built on Mar 21 2024 19:10:56 by "androidbuild" with MS VC++ 16.10 / 16.11 (VS2019)

END.
